[2022-03-07 21:46:53.545] [info] Checking for update
[2022-03-07 21:46:53.650] [info] Error reading /home/kenziemac/.config/notion-app-enhanced/cookies.json {
  constructor: 'Error',
  errno: -2,
  syscall: 'open',
  code: 'ENOENT',
  path: '/home/kenziemac/.config/notion-app-enhanced/cookies.json',
  stack: "Error: /home/kenziemac/.config/notion-app-enhanced/cookies.json: ENOENT: no such file or directory, open '/home/kenziemac/.config/notion-app-enhanced/cookies.json'\n" +
    '    at Object.openSync (fs.js:466:3)\n' +
    '    at Object.func [as openSync] (electron/js2c/asar_bundle.js:5:1812)\n' +
    '    at Object.readFileSync (fs.js:368:35)\n' +
    '    at Object.e.readFileSync (electron/js2c/asar_bundle.js:5:8592)\n' +
    '    at Object.readFileSync (/opt/Notion Enhanced/resources/app.asar/node_modules/jsonfile/index.js:61:22)\n' +
    '    at JsonStore.loadSync (/opt/Notion Enhanced/resources/app.asar/main/JsonStore.js:38:44)\n' +
    '    at new JsonStore (/opt/Notion Enhanced/resources/app.asar/main/JsonStore.js:15:14)\n' +
    '    at Object.<anonymous> (/opt/Notion Enhanced/resources/app.asar/main/schemeHandler.js:37:25)\n' +
    '    at Module._compile (internal/modules/cjs/loader.js:1152:30)\n' +
    '    at Object.Module._extensions..js (internal/modules/cjs/loader.js:1173:10)'
}
[2022-03-07 21:46:55.192] [info] {
  level: 'info',
  from: 'AssetCache',
  type: 'latestVersionPath',
  data: {
    message: 'latestVersion.json path /home/kenziemac/.config/notion-app-enhanced/notionAssetCache-v2/latestVersion.json'
  }
}
[2022-03-07 21:46:55.201] [error] Error: Error: ENOENT: no such file or directory, open '/opt/Notion Enhanced/resources/app-update.yml'
[2022-03-07 21:46:55.203] [info] {
  level: 'info',
  from: 'autoUpdater',
  type: 'unsupportedLinuxApp',
  error: {
    name: 'Error',
    message: "ENOENT: no such file or directory, open '/opt/Notion Enhanced/resources/app-update.yml'",
    stack: "Error: ENOENT: no such file or directory, open '/opt/Notion Enhanced/resources/app-update.yml'"
  }
}
[2022-03-07 21:46:55.212] [info] {
  level: 'info',
  from: 'AssetCache',
  type: 'errorReadingPath',
  error: {
    name: 'Error',
    message: "ENOENT: no such file or directory, open '/home/kenziemac/.config/notion-app-enhanced/notionAssetCache-v2/latestVersion.json'",
    stack: "Error: ENOENT: no such file or directory, open '/home/kenziemac/.config/notion-app-enhanced/notionAssetCache-v2/latestVersion.json'"
  },
  data: {
    message: 'Error reading /home/kenziemac/.config/notion-app-enhanced/notionAssetCache-v2/latestVersion.json'
  }
}
[2022-03-07 21:46:55.214] [info] {
  level: 'info',
  from: 'AssetCache',
  type: 'currentVersionLoaded',
  data: {}
}
[2022-03-07 21:46:55.215] [info] {
  level: 'info',
  from: 'AssetCache',
  type: 'syncVersionEmptyLatestVersion'
}
[2022-03-07 21:46:55.218] [info] {
  level: 'info',
  from: 'AssetCache',
  type: 'currentSyncedAssetsJson',
  data: {}
}
[2022-03-07 21:46:55.636] [info] {
  level: 'info',
  from: 'AssetCache',
  type: 'appUpdateAvailable',
  data: { version: '23.10.23.4' }
}
[2022-03-07 21:46:57.533] [info] {
  level: 'error',
  from: 'main',
  type: 'uncaughtException',
  error: {
    name: 'TypeError',
    message: 'One-time callback was called more than once',
    stack: 'TypeError: One-time callback was called more than once\n' +
      '    at ClientRequest.<anonymous> (/opt/Notion Enhanced/resources/app.asar/main/schemeHandler.js:221:9)\n' +
      '    at ClientRequest.emit (events.js:315:20)\n' +
      '    at ClientRequest.EventEmitter.emit (domain.js:483:12)\n' +
      '    at SimpleURLLoaderWrapper.<anonymous> (electron/js2c/browser_init.js:105:6293)\n' +
      '    at SimpleURLLoaderWrapper.emit (events.js:315:20)\n' +
      '    at SimpleURLLoaderWrapper.EventEmitter.emit (domain.js:483:12)'
  }
}
[2022-03-07 21:46:57.713] [info] {
  level: 'error',
  from: 'main',
  type: 'uncaughtException',
  error: {
    name: 'TypeError',
    message: 'One-time callback was called more than once',
    stack: 'TypeError: One-time callback was called more than once\n' +
      '    at ClientRequest.<anonymous> (/opt/Notion Enhanced/resources/app.asar/main/schemeHandler.js:221:9)\n' +
      '    at ClientRequest.emit (events.js:315:20)\n' +
      '    at ClientRequest.EventEmitter.emit (domain.js:483:12)\n' +
      '    at SimpleURLLoaderWrapper.<anonymous> (electron/js2c/browser_init.js:105:6293)\n' +
      '    at SimpleURLLoaderWrapper.emit (events.js:315:20)\n' +
      '    at SimpleURLLoaderWrapper.EventEmitter.emit (domain.js:483:12)'
  }
}
[2022-03-07 21:46:57.798] [info] {
  level: 'error',
  from: 'main',
  type: 'uncaughtException',
  error: {
    name: 'TypeError',
    message: 'One-time callback was called more than once',
    stack: 'TypeError: One-time callback was called more than once\n' +
      '    at ClientRequest.<anonymous> (/opt/Notion Enhanced/resources/app.asar/main/schemeHandler.js:221:9)\n' +
      '    at ClientRequest.emit (events.js:315:20)\n' +
      '    at ClientRequest.EventEmitter.emit (domain.js:483:12)\n' +
      '    at SimpleURLLoaderWrapper.<anonymous> (electron/js2c/browser_init.js:105:6293)\n' +
      '    at SimpleURLLoaderWrapper.emit (events.js:315:20)\n' +
      '    at SimpleURLLoaderWrapper.EventEmitter.emit (domain.js:483:12)'
  }
}
[2022-03-07 21:46:57.875] [info] {
  level: 'error',
  from: 'main',
  type: 'uncaughtException',
  error: {
    name: 'TypeError',
    message: 'One-time callback was called more than once',
    stack: 'TypeError: One-time callback was called more than once\n' +
      '    at ClientRequest.<anonymous> (/opt/Notion Enhanced/resources/app.asar/main/schemeHandler.js:221:9)\n' +
      '    at ClientRequest.emit (events.js:315:20)\n' +
      '    at ClientRequest.EventEmitter.emit (domain.js:483:12)\n' +
      '    at SimpleURLLoaderWrapper.<anonymous> (electron/js2c/browser_init.js:105:6293)\n' +
      '    at SimpleURLLoaderWrapper.emit (events.js:315:20)\n' +
      '    at SimpleURLLoaderWrapper.EventEmitter.emit (domain.js:483:12)'
  }
}
[2022-03-07 21:46:57.882] [info] {
  level: 'error',
  from: 'main',
  type: 'uncaughtException',
  error: {
    name: 'TypeError',
    message: 'One-time callback was called more than once',
    stack: 'TypeError: One-time callback was called more than once\n' +
      '    at ClientRequest.<anonymous> (/opt/Notion Enhanced/resources/app.asar/main/schemeHandler.js:221:9)\n' +
      '    at ClientRequest.emit (events.js:315:20)\n' +
      '    at ClientRequest.EventEmitter.emit (domain.js:483:12)\n' +
      '    at SimpleURLLoaderWrapper.<anonymous> (electron/js2c/browser_init.js:105:6293)\n' +
      '    at SimpleURLLoaderWrapper.emit (events.js:315:20)\n' +
      '    at SimpleURLLoaderWrapper.EventEmitter.emit (domain.js:483:12)'
  }
}
[2022-03-07 21:46:57.891] [info] {
  level: 'error',
  from: 'main',
  type: 'uncaughtException',
  error: {
    name: 'TypeError',
    message: 'One-time callback was called more than once',
    stack: 'TypeError: One-time callback was called more than once\n' +
      '    at ClientRequest.<anonymous> (/opt/Notion Enhanced/resources/app.asar/main/schemeHandler.js:221:9)\n' +
      '    at ClientRequest.emit (events.js:315:20)\n' +
      '    at ClientRequest.EventEmitter.emit (domain.js:483:12)\n' +
      '    at SimpleURLLoaderWrapper.<anonymous> (electron/js2c/browser_init.js:105:6293)\n' +
      '    at SimpleURLLoaderWrapper.emit (events.js:315:20)\n' +
      '    at SimpleURLLoaderWrapper.EventEmitter.emit (domain.js:483:12)'
  }
}
[2022-03-07 21:46:57.916] [info] {
  level: 'error',
  from: 'main',
  type: 'uncaughtException',
  error: {
    name: 'TypeError',
    message: 'One-time callback was called more than once',
    stack: 'TypeError: One-time callback was called more than once\n' +
      '    at ClientRequest.<anonymous> (/opt/Notion Enhanced/resources/app.asar/main/schemeHandler.js:221:9)\n' +
      '    at ClientRequest.emit (events.js:315:20)\n' +
      '    at ClientRequest.EventEmitter.emit (domain.js:483:12)\n' +
      '    at SimpleURLLoaderWrapper.<anonymous> (electron/js2c/browser_init.js:105:6293)\n' +
      '    at SimpleURLLoaderWrapper.emit (events.js:315:20)\n' +
      '    at SimpleURLLoaderWrapper.EventEmitter.emit (domain.js:483:12)'
  }
}
[2022-03-07 21:46:57.932] [info] {
  level: 'error',
  from: 'main',
  type: 'uncaughtException',
  error: {
    name: 'TypeError',
    message: 'One-time callback was called more than once',
    stack: 'TypeError: One-time callback was called more than once\n' +
      '    at ClientRequest.<anonymous> (/opt/Notion Enhanced/resources/app.asar/main/schemeHandler.js:221:9)\n' +
      '    at ClientRequest.emit (events.js:315:20)\n' +
      '    at ClientRequest.EventEmitter.emit (domain.js:483:12)\n' +
      '    at SimpleURLLoaderWrapper.<anonymous> (electron/js2c/browser_init.js:105:6293)\n' +
      '    at SimpleURLLoaderWrapper.emit (events.js:315:20)\n' +
      '    at SimpleURLLoaderWrapper.EventEmitter.emit (domain.js:483:12)'
  }
}
[2022-03-07 21:46:57.944] [info] {
  level: 'error',
  from: 'main',
  type: 'uncaughtException',
  error: {
    name: 'TypeError',
    message: 'One-time callback was called more than once',
    stack: 'TypeError: One-time callback was called more than once\n' +
      '    at ClientRequest.<anonymous> (/opt/Notion Enhanced/resources/app.asar/main/schemeHandler.js:221:9)\n' +
      '    at ClientRequest.emit (events.js:315:20)\n' +
      '    at ClientRequest.EventEmitter.emit (domain.js:483:12)\n' +
      '    at SimpleURLLoaderWrapper.<anonymous> (electron/js2c/browser_init.js:105:6293)\n' +
      '    at SimpleURLLoaderWrapper.emit (events.js:315:20)\n' +
      '    at SimpleURLLoaderWrapper.EventEmitter.emit (domain.js:483:12)'
  }
}
[2022-03-07 21:46:57.960] [info] {
  level: 'error',
  from: 'main',
  type: 'uncaughtException',
  error: {
    name: 'TypeError',
    message: 'One-time callback was called more than once',
    stack: 'TypeError: One-time callback was called more than once\n' +
      '    at ClientRequest.<anonymous> (/opt/Notion Enhanced/resources/app.asar/main/schemeHandler.js:221:9)\n' +
      '    at ClientRequest.emit (events.js:315:20)\n' +
      '    at ClientRequest.EventEmitter.emit (domain.js:483:12)\n' +
      '    at SimpleURLLoaderWrapper.<anonymous> (electron/js2c/browser_init.js:105:6293)\n' +
      '    at SimpleURLLoaderWrapper.emit (events.js:315:20)\n' +
      '    at SimpleURLLoaderWrapper.EventEmitter.emit (domain.js:483:12)'
  }
}
[2022-03-07 21:46:57.972] [info] {
  level: 'error',
  from: 'main',
  type: 'uncaughtException',
  error: {
    name: 'TypeError',
    message: 'One-time callback was called more than once',
    stack: 'TypeError: One-time callback was called more than once\n' +
      '    at ClientRequest.<anonymous> (/opt/Notion Enhanced/resources/app.asar/main/schemeHandler.js:221:9)\n' +
      '    at ClientRequest.emit (events.js:315:20)\n' +
      '    at ClientRequest.EventEmitter.emit (domain.js:483:12)\n' +
      '    at SimpleURLLoaderWrapper.<anonymous> (electron/js2c/browser_init.js:105:6293)\n' +
      '    at SimpleURLLoaderWrapper.emit (events.js:315:20)\n' +
      '    at SimpleURLLoaderWrapper.EventEmitter.emit (domain.js:483:12)'
  }
}
[2022-03-07 21:46:57.979] [info] {
  level: 'error',
  from: 'main',
  type: 'uncaughtException',
  error: {
    name: 'TypeError',
    message: 'One-time callback was called more than once',
    stack: 'TypeError: One-time callback was called more than once\n' +
      '    at ClientRequest.<anonymous> (/opt/Notion Enhanced/resources/app.asar/main/schemeHandler.js:221:9)\n' +
      '    at ClientRequest.emit (events.js:315:20)\n' +
      '    at ClientRequest.EventEmitter.emit (domain.js:483:12)\n' +
      '    at SimpleURLLoaderWrapper.<anonymous> (electron/js2c/browser_init.js:105:6293)\n' +
      '    at SimpleURLLoaderWrapper.emit (events.js:315:20)\n' +
      '    at SimpleURLLoaderWrapper.EventEmitter.emit (domain.js:483:12)'
  }
}
[2022-03-07 21:46:58.139] [info] {
  level: 'error',
  from: 'main',
  type: 'uncaughtException',
  error: {
    name: 'TypeError',
    message: 'One-time callback was called more than once',
    stack: 'TypeError: One-time callback was called more than once\n' +
      '    at ClientRequest.<anonymous> (/opt/Notion Enhanced/resources/app.asar/main/schemeHandler.js:221:9)\n' +
      '    at ClientRequest.emit (events.js:315:20)\n' +
      '    at ClientRequest.EventEmitter.emit (domain.js:483:12)\n' +
      '    at SimpleURLLoaderWrapper.<anonymous> (electron/js2c/browser_init.js:105:6293)\n' +
      '    at SimpleURLLoaderWrapper.emit (events.js:315:20)\n' +
      '    at SimpleURLLoaderWrapper.EventEmitter.emit (domain.js:483:12)'
  }
}
[2022-03-07 21:46:58.159] [info] {
  level: 'error',
  from: 'main',
  type: 'uncaughtException',
  error: {
    name: 'TypeError',
    message: 'One-time callback was called more than once',
    stack: 'TypeError: One-time callback was called more than once\n' +
      '    at ClientRequest.<anonymous> (/opt/Notion Enhanced/resources/app.asar/main/schemeHandler.js:221:9)\n' +
      '    at ClientRequest.emit (events.js:315:20)\n' +
      '    at ClientRequest.EventEmitter.emit (domain.js:483:12)\n' +
      '    at SimpleURLLoaderWrapper.<anonymous> (electron/js2c/browser_init.js:105:6293)\n' +
      '    at SimpleURLLoaderWrapper.emit (events.js:315:20)\n' +
      '    at SimpleURLLoaderWrapper.EventEmitter.emit (domain.js:483:12)'
  }
}
[2022-03-07 21:46:58.167] [info] {
  level: 'error',
  from: 'main',
  type: 'uncaughtException',
  error: {
    name: 'TypeError',
    message: 'One-time callback was called more than once',
    stack: 'TypeError: One-time callback was called more than once\n' +
      '    at ClientRequest.<anonymous> (/opt/Notion Enhanced/resources/app.asar/main/schemeHandler.js:221:9)\n' +
      '    at ClientRequest.emit (events.js:315:20)\n' +
      '    at ClientRequest.EventEmitter.emit (domain.js:483:12)\n' +
      '    at SimpleURLLoaderWrapper.<anonymous> (electron/js2c/browser_init.js:105:6293)\n' +
      '    at SimpleURLLoaderWrapper.emit (events.js:315:20)\n' +
      '    at SimpleURLLoaderWrapper.EventEmitter.emit (domain.js:483:12)'
  }
}
[2022-03-07 21:46:58.204] [info] {
  level: 'error',
  from: 'main',
  type: 'uncaughtException',
  error: {
    name: 'TypeError',
    message: 'One-time callback was called more than once',
    stack: 'TypeError: One-time callback was called more than once\n' +
      '    at ClientRequest.<anonymous> (/opt/Notion Enhanced/resources/app.asar/main/schemeHandler.js:221:9)\n' +
      '    at ClientRequest.emit (events.js:315:20)\n' +
      '    at ClientRequest.EventEmitter.emit (domain.js:483:12)\n' +
      '    at SimpleURLLoaderWrapper.<anonymous> (electron/js2c/browser_init.js:105:6293)\n' +
      '    at SimpleURLLoaderWrapper.emit (events.js:315:20)\n' +
      '    at SimpleURLLoaderWrapper.EventEmitter.emit (domain.js:483:12)'
  }
}
[2022-03-07 21:46:58.238] [info] {
  level: 'error',
  from: 'main',
  type: 'uncaughtException',
  error: {
    name: 'TypeError',
    message: 'One-time callback was called more than once',
    stack: 'TypeError: One-time callback was called more than once\n' +
      '    at ClientRequest.<anonymous> (/opt/Notion Enhanced/resources/app.asar/main/schemeHandler.js:221:9)\n' +
      '    at ClientRequest.emit (events.js:315:20)\n' +
      '    at ClientRequest.EventEmitter.emit (domain.js:483:12)\n' +
      '    at SimpleURLLoaderWrapper.<anonymous> (electron/js2c/browser_init.js:105:6293)\n' +
      '    at SimpleURLLoaderWrapper.emit (events.js:315:20)\n' +
      '    at SimpleURLLoaderWrapper.EventEmitter.emit (domain.js:483:12)'
  }
}
[2022-03-07 21:46:58.281] [info] {
  level: 'error',
  from: 'main',
  type: 'uncaughtException',
  error: {
    name: 'TypeError',
    message: 'One-time callback was called more than once',
    stack: 'TypeError: One-time callback was called more than once\n' +
      '    at ClientRequest.<anonymous> (/opt/Notion Enhanced/resources/app.asar/main/schemeHandler.js:221:9)\n' +
      '    at ClientRequest.emit (events.js:315:20)\n' +
      '    at ClientRequest.EventEmitter.emit (domain.js:483:12)\n' +
      '    at SimpleURLLoaderWrapper.<anonymous> (electron/js2c/browser_init.js:105:6293)\n' +
      '    at SimpleURLLoaderWrapper.emit (events.js:315:20)\n' +
      '    at SimpleURLLoaderWrapper.EventEmitter.emit (domain.js:483:12)'
  }
}
[2022-03-07 21:46:58.298] [info] {
  level: 'error',
  from: 'main',
  type: 'uncaughtException',
  error: {
    name: 'TypeError',
    message: 'One-time callback was called more than once',
    stack: 'TypeError: One-time callback was called more than once\n' +
      '    at ClientRequest.<anonymous> (/opt/Notion Enhanced/resources/app.asar/main/schemeHandler.js:221:9)\n' +
      '    at ClientRequest.emit (events.js:315:20)\n' +
      '    at ClientRequest.EventEmitter.emit (domain.js:483:12)\n' +
      '    at SimpleURLLoaderWrapper.<anonymous> (electron/js2c/browser_init.js:105:6293)\n' +
      '    at SimpleURLLoaderWrapper.emit (events.js:315:20)\n' +
      '    at SimpleURLLoaderWrapper.EventEmitter.emit (domain.js:483:12)'
  }
}
[2022-03-07 21:46:58.465] [info] {
  level: 'error',
  from: 'main',
  type: 'uncaughtException',
  error: {
    name: 'TypeError',
    message: 'One-time callback was called more than once',
    stack: 'TypeError: One-time callback was called more than once\n' +
      '    at ClientRequest.<anonymous> (/opt/Notion Enhanced/resources/app.asar/main/schemeHandler.js:221:9)\n' +
      '    at ClientRequest.emit (events.js:315:20)\n' +
      '    at ClientRequest.EventEmitter.emit (domain.js:483:12)\n' +
      '    at SimpleURLLoaderWrapper.<anonymous> (electron/js2c/browser_init.js:105:6293)\n' +
      '    at SimpleURLLoaderWrapper.emit (events.js:315:20)\n' +
      '    at SimpleURLLoaderWrapper.EventEmitter.emit (domain.js:483:12)'
  }
}
[2022-03-07 21:46:58.607] [info] {
  level: 'error',
  from: 'main',
  type: 'uncaughtException',
  error: {
    name: 'TypeError',
    message: 'One-time callback was called more than once',
    stack: 'TypeError: One-time callback was called more than once\n' +
      '    at ClientRequest.<anonymous> (/opt/Notion Enhanced/resources/app.asar/main/schemeHandler.js:221:9)\n' +
      '    at ClientRequest.emit (events.js:315:20)\n' +
      '    at ClientRequest.EventEmitter.emit (domain.js:483:12)\n' +
      '    at SimpleURLLoaderWrapper.<anonymous> (electron/js2c/browser_init.js:105:6293)\n' +
      '    at SimpleURLLoaderWrapper.emit (events.js:315:20)\n' +
      '    at SimpleURLLoaderWrapper.EventEmitter.emit (domain.js:483:12)'
  }
}
[2022-03-07 21:46:58.893] [info] {
  level: 'error',
  from: 'main',
  type: 'uncaughtException',
  error: {
    name: 'TypeError',
    message: 'One-time callback was called more than once',
    stack: 'TypeError: One-time callback was called more than once\n' +
      '    at ClientRequest.<anonymous> (/opt/Notion Enhanced/resources/app.asar/main/schemeHandler.js:221:9)\n' +
      '    at ClientRequest.emit (events.js:315:20)\n' +
      '    at ClientRequest.EventEmitter.emit (domain.js:483:12)\n' +
      '    at SimpleURLLoaderWrapper.<anonymous> (electron/js2c/browser_init.js:105:6293)\n' +
      '    at SimpleURLLoaderWrapper.emit (events.js:315:20)\n' +
      '    at SimpleURLLoaderWrapper.EventEmitter.emit (domain.js:483:12)'
  }
}
[2022-03-07 21:47:02.144] [info] {
  level: 'error',
  from: 'main',
  type: 'uncaughtException',
  error: {
    name: 'TypeError',
    message: 'One-time callback was called more than once',
    stack: 'TypeError: One-time callback was called more than once\n' +
      '    at ClientRequest.<anonymous> (/opt/Notion Enhanced/resources/app.asar/main/schemeHandler.js:221:9)\n' +
      '    at ClientRequest.emit (events.js:315:20)\n' +
      '    at ClientRequest.EventEmitter.emit (domain.js:483:12)\n' +
      '    at SimpleURLLoaderWrapper.<anonymous> (electron/js2c/browser_init.js:105:6293)\n' +
      '    at SimpleURLLoaderWrapper.emit (events.js:315:20)\n' +
      '    at SimpleURLLoaderWrapper.EventEmitter.emit (domain.js:483:12)'
  }
}
[2022-03-07 21:47:02.887] [info] { level: 'info', from: 'AssetCache', type: 'checkingForAppUpdate2' }
[2022-03-07 21:47:02.889] [info] {
  level: 'info',
  from: 'AssetCache',
  type: 'appUpdateDownloadComplete',
  data: { version: '23.10.23.4' }
}
[2022-03-07 21:47:02.891] [info] {
  level: 'info',
  from: 'AssetCache',
  type: 'installingAppUpdate',
  data: { version: '23.10.23.4' }
}
[2022-03-07 21:48:02.625] [info] Quitting...
[2022-03-07 21:48:02.626] [info] Killing child process
